{"message":"$and/$or/$nor must be a nonempty array","level":"error","service":"user-service","time":"2021-12-07T18:23:38.474Z"}
{"message":"$and/$or/$nor must be a nonempty array","level":"error","service":"user-service","time":"2021-12-07T18:23:38.474Z"}
{"message":"Invalid $project :: caused by :: FieldPath field names may not start with '$'.","level":"error","service":"user-service","time":"2021-12-07T18:51:26.275Z"}
{"message":"Invalid $project :: caused by :: Cannot use expression other than $meta in exclusion projection","level":"error","service":"user-service","time":"2021-12-07T18:51:47.081Z"}
{"message":"$status is not defined","level":"error","service":"user-service","time":"2021-12-07T19:18:21.200Z"}
{"message":"$status is not defined","level":"error","service":"user-service","time":"2021-12-07T19:18:21.200Z"}
{"message":"$status is not defined","level":"error","service":"user-service","time":"2021-12-07T19:18:21.200Z"}
{"message":"$status is not defined","level":"error","service":"user-service","time":"2021-12-07T19:18:21.200Z"}
{"message":"$status is not defined","level":"error","service":"user-service","time":"2021-12-07T19:18:34.120Z"}
{"message":"$status is not defined","level":"error","service":"user-service","time":"2021-12-07T19:18:34.120Z"}
{"message":"Invalid $project :: caused by :: $switch found an unknown argument: status","level":"error","service":"user-service","time":"2021-12-07T19:19:12.112Z"}
{"message":"Invalid $project :: caused by :: $switch found an unknown argument: status","level":"error","service":"user-service","time":"2021-12-07T19:19:30.022Z"}
{"message":"Invalid $project :: caused by :: $switch found an unknown argument: status","level":"error","service":"user-service","time":"2021-12-07T19:20:47.714Z"}
{"message":"Invalid $project :: caused by :: $switch found an unknown argument: user_type","level":"error","service":"user-service","time":"2021-12-07T19:22:25.641Z"}
{"message":"Invalid $project :: caused by :: Unrecognized expression '$et'","level":"error","service":"user-service","time":"2021-12-07T19:23:47.326Z"}
{"message":"Not Found - /api/get/users","level":"error","service":"user-service","time":"2021-12-10T17:38:59.309Z"}
{"message":"Not Found - /get/users","level":"error","service":"user-service","time":"2021-12-10T17:39:07.269Z"}
{"message":"Not Found - /get/users","level":"error","service":"user-service","time":"2021-12-10T17:41:24.463Z"}
{"message":"Not Found - /get/users","level":"error","service":"user-service","time":"2021-12-10T17:43:34.787Z"}
{"message":"Not Found - /get/users","level":"error","service":"user-service","time":"2021-12-10T17:46:01.559Z"}
{"message":"Not Found - /get/users","level":"error","service":"user-service","time":"2021-12-10T17:46:01.559Z"}
{"message":"Not Found - /get/users","level":"error","service":"user-service","time":"2021-12-10T17:46:39.898Z"}
{"message":"Not Found - /get/users","level":"error","service":"user-service","time":"2021-12-10T17:46:44.587Z"}
{"message":"Arguments must be aggregate pipeline operators","level":"error","service":"user-service","time":"2021-12-22T17:32:20.564Z"}
{"message":"Unrecognized pipeline stage name: '$or'","level":"error","service":"user-service","time":"2021-12-22T17:33:40.644Z"}
{"message":"the match filter must be an expression in an object","level":"error","service":"user-service","time":"2021-12-22T17:37:04.604Z"}
{"message":"Arguments must be aggregate pipeline operators","level":"error","service":"user-service","time":"2021-12-22T18:17:45.889Z"}
{"message":"unknown top level operator: $addFields","level":"error","service":"user-service","time":"2021-12-22T18:19:14.673Z"}
{"message":"unknown top level operator: $addFields","level":"error","service":"user-service","time":"2021-12-22T18:21:10.270Z"}
{"message":"unknown top level operator: $addFields","level":"error","service":"user-service","time":"2021-12-22T18:21:10.270Z"}
{"message":"unknown top level operator: $match","level":"error","service":"user-service","time":"2021-12-22T18:22:06.273Z"}
{"message":"Arguments must be aggregate pipeline operators","level":"error","service":"user-service","time":"2021-12-22T18:22:34.132Z"}
{"message":"unknown top level operator: $result","level":"error","service":"user-service","time":"2021-12-22T18:26:23.211Z"}
{"message":"unknown top level operator: $result","level":"error","service":"user-service","time":"2021-12-22T18:27:13.924Z"}
{"message":"the match filter must be an expression in an object","level":"error","service":"user-service","time":"2021-12-22T20:17:02.989Z"}
{"message":"the match filter must be an expression in an object","level":"error","service":"user-service","time":"2021-12-22T20:17:02.989Z"}
{"message":"$and/$or/$nor must be a nonempty array","level":"error","service":"user-service","time":"2021-12-27T18:12:39.953Z"}
{"message":"$and/$or/$nor must be a nonempty array","level":"error","service":"user-service","time":"2021-12-27T18:16:27.223Z"}
